[2023-02-14 21:18:20] local.ERROR: Command "server" is not defined.

Did you mean one of these?
    make:observer
    serve {"exception":"[object] (Symfony\\Component\\Console\\Exception\\CommandNotFoundException(code: 0): Command \"server\" is not defined.

Did you mean one of these?
    make:observer
    serve at /Applications/MAMP/htdocs/Laravel/groot-s-quotes/vendor/symfony/console/Application.php:702)
[stacktrace]
#0 /Applications/MAMP/htdocs/Laravel/groot-s-quotes/vendor/symfony/console/Application.php(256): Symfony\\Component\\Console\\Application->find('server')
#1 /Applications/MAMP/htdocs/Laravel/groot-s-quotes/vendor/symfony/console/Application.php(168): Symfony\\Component\\Console\\Application->doRun(Object(Symfony\\Component\\Console\\Input\\ArgvInput), Object(Symfony\\Component\\Console\\Output\\ConsoleOutput))
#2 /Applications/MAMP/htdocs/Laravel/groot-s-quotes/vendor/laravel/framework/src/Illuminate/Console/Application.php(102): Symfony\\Component\\Console\\Application->run(Object(Symfony\\Component\\Console\\Input\\ArgvInput), Object(Symfony\\Component\\Console\\Output\\ConsoleOutput))
#3 /Applications/MAMP/htdocs/Laravel/groot-s-quotes/vendor/laravel/framework/src/Illuminate/Foundation/Console/Kernel.php(155): Illuminate\\Console\\Application->run(Object(Symfony\\Component\\Console\\Input\\ArgvInput), Object(Symfony\\Component\\Console\\Output\\ConsoleOutput))
#4 /Applications/MAMP/htdocs/Laravel/groot-s-quotes/artisan(35): Illuminate\\Foundation\\Console\\Kernel->handle(Object(Symfony\\Component\\Console\\Input\\ArgvInput), Object(Symfony\\Component\\Console\\Output\\ConsoleOutput))
#5 {main}
"} 
[2023-02-14 21:24:26] local.ERROR: SQLSTATE[HY000] [2002] Connection refused (SQL: select * from information_schema.tables where table_schema = quotes and table_name = migrations and table_type = 'BASE TABLE') {"exception":"[object] (Illuminate\\Database\\QueryException(code: 2002): SQLSTATE[HY000] [2002] Connection refused (SQL: select * from information_schema.tables where table_schema = quotes and table_name = migrations and table_type = 'BASE TABLE') at /Applications/MAMP/htdocs/Laravel/groot-s-quotes/vendor/laravel/framework/src/Illuminate/Database/Connection.php:760)
[stacktrace]
#0 /Applications/MAMP/htdocs/Laravel/groot-s-quotes/vendor/laravel/framework/src/Illuminate/Database/Connection.php(899): Illuminate\\Database\\Connection->runQueryCallback('select * from i...', Array, Object(Closure))
#1 /Applications/MAMP/htdocs/Laravel/groot-s-quotes/vendor/laravel/framework/src/Illuminate/Database/Connection.php(878): Illuminate\\Database\\Connection->tryAgainIfCausedByLostConnection(Object(Illuminate\\Database\\QueryException), 'select * from i...', Array, Object(Closure))
#2 /Applications/MAMP/htdocs/Laravel/groot-s-quotes/vendor/laravel/framework/src/Illuminate/Database/Connection.php(722): Illuminate\\Database\\Connection->handleQueryException(Object(Illuminate\\Database\\QueryException), 'select * from i...', Array, Object(Closure))
#3 /Applications/MAMP/htdocs/Laravel/groot-s-quotes/vendor/laravel/framework/src/Illuminate/Database/Connection.php(405): Illuminate\\Database\\Connection->run('select * from i...', Array, Object(Closure))
#4 /Applications/MAMP/htdocs/Laravel/groot-s-quotes/vendor/laravel/framework/src/Illuminate/Database/Connection.php(392): Illuminate\\Database\\Connection->select('select * from i...', Array, false)
#5 /Applications/MAMP/htdocs/Laravel/groot-s-quotes/vendor/laravel/framework/src/Illuminate/Database/Schema/MySqlBuilder.php(43): Illuminate\\Database\\Connection->selectFromWriteConnection('select * from i...', Array)
#6 /Applications/MAMP/htdocs/Laravel/groot-s-quotes/vendor/laravel/framework/src/Illuminate/Database/Migrations/DatabaseMigrationRepository.php(169): Illuminate\\Database\\Schema\\MySqlBuilder->hasTable('migrations')
#7 /Applications/MAMP/htdocs/Laravel/groot-s-quotes/vendor/laravel/framework/src/Illuminate/Database/Migrations/Migrator.php(682): Illuminate\\Database\\Migrations\\DatabaseMigrationRepository->repositoryExists()
#8 /Applications/MAMP/htdocs/Laravel/groot-s-quotes/vendor/laravel/framework/src/Illuminate/Database/Console/Migrations/StatusCommand.php(53): Illuminate\\Database\\Migrations\\Migrator->repositoryExists()
#9 /Applications/MAMP/htdocs/Laravel/groot-s-quotes/vendor/laravel/framework/src/Illuminate/Database/Migrations/Migrator.php(615): Illuminate\\Database\\Console\\Migrations\\StatusCommand->Illuminate\\Database\\Console\\Migrations\\{closure}()
#10 /Applications/MAMP/htdocs/Laravel/groot-s-quotes/vendor/laravel/framework/src/Illuminate/Database/Console/Migrations/StatusCommand.php(52): Illuminate\\Database\\Migrations\\Migrator->usingConnection(NULL, Object(Closure))
#11 /Applications/MAMP/htdocs/Laravel/groot-s-quotes/vendor/laravel/framework/src/Illuminate/Container/BoundMethod.php(36): Illuminate\\Database\\Console\\Migrations\\StatusCommand->handle()
#12 /Applications/MAMP/htdocs/Laravel/groot-s-quotes/vendor/laravel/framework/src/Illuminate/Container/Util.php(41): Illuminate\\Container\\BoundMethod::Illuminate\\Container\\{closure}()
#13 /Applications/MAMP/htdocs/Laravel/groot-s-quotes/vendor/laravel/framework/src/Illuminate/Container/BoundMethod.php(93): Illuminate\\Container\\Util::unwrapIfClosure(Object(Closure))
#14 /Applications/MAMP/htdocs/Laravel/groot-s-quotes/vendor/laravel/framework/src/Illuminate/Container/BoundMethod.php(35): Illuminate\\Container\\BoundMethod::callBoundMethod(Object(Illuminate\\Foundation\\Application), Array, Object(Closure))
#15 /Applications/MAMP/htdocs/Laravel/groot-s-quotes/vendor/laravel/framework/src/Illuminate/Container/Container.php(661): Illuminate\\Container\\BoundMethod::call(Object(Illuminate\\Foundation\\Application), Array, Array, NULL)
#16 /Applications/MAMP/htdocs/Laravel/groot-s-quotes/vendor/laravel/framework/src/Illuminate/Console/Command.php(183): Illuminate\\Container\\Container->call(Array)
#17 /Applications/MAMP/htdocs/Laravel/groot-s-quotes/vendor/symfony/console/Command/Command.php(312): Illuminate\\Console\\Command->execute(Object(Symfony\\Component\\Console\\Input\\ArgvInput), Object(Illuminate\\Console\\OutputStyle))
#18 /Applications/MAMP/htdocs/Laravel/groot-s-quotes/vendor/laravel/framework/src/Illuminate/Console/Command.php(152): Symfony\\Component\\Console\\Command\\Command->run(Object(Symfony\\Component\\Console\\Input\\ArgvInput), Object(Illuminate\\Console\\OutputStyle))
#19 /Applications/MAMP/htdocs/Laravel/groot-s-quotes/vendor/symfony/console/Application.php(1022): Illuminate\\Console\\Command->run(Object(Symfony\\Component\\Console\\Input\\ArgvInput), Object(Symfony\\Component\\Console\\Output\\ConsoleOutput))
#20 /Applications/MAMP/htdocs/Laravel/groot-s-quotes/vendor/symfony/console/Application.php(314): Symfony\\Component\\Console\\Application->doRunCommand(Object(Illuminate\\Database\\Console\\Migrations\\StatusCommand), Object(Symfony\\Component\\Console\\Input\\ArgvInput), Object(Symfony\\Component\\Console\\Output\\ConsoleOutput))
#21 /Applications/MAMP/htdocs/Laravel/groot-s-quotes/vendor/symfony/console/Application.php(168): Symfony\\Component\\Console\\Application->doRun(Object(Symfony\\Component\\Console\\Input\\ArgvInput), Object(Symfony\\Component\\Console\\Output\\ConsoleOutput))
#22 /Applications/MAMP/htdocs/Laravel/groot-s-quotes/vendor/laravel/framework/src/Illuminate/Console/Application.php(102): Symfony\\Component\\Console\\Application->run(Object(Symfony\\Component\\Console\\Input\\ArgvInput), Object(Symfony\\Component\\Console\\Output\\ConsoleOutput))
#23 /Applications/MAMP/htdocs/Laravel/groot-s-quotes/vendor/laravel/framework/src/Illuminate/Foundation/Console/Kernel.php(155): Illuminate\\Console\\Application->run(Object(Symfony\\Component\\Console\\Input\\ArgvInput), Object(Symfony\\Component\\Console\\Output\\ConsoleOutput))
#24 /Applications/MAMP/htdocs/Laravel/groot-s-quotes/artisan(35): Illuminate\\Foundation\\Console\\Kernel->handle(Object(Symfony\\Component\\Console\\Input\\ArgvInput), Object(Symfony\\Component\\Console\\Output\\ConsoleOutput))
#25 {main}

[previous exception] [object] (PDOException(code: 2002): SQLSTATE[HY000] [2002] Connection refused at /Applications/MAMP/htdocs/Laravel/groot-s-quotes/vendor/laravel/framework/src/Illuminate/Database/Connectors/Connector.php:70)
[stacktrace]
#0 /Applications/MAMP/htdocs/Laravel/groot-s-quotes/vendor/laravel/framework/src/Illuminate/Database/Connectors/Connector.php(70): PDO->__construct('mysql:host=127....', 'root', Object(SensitiveParameterValue), Array)
#1 /Applications/MAMP/htdocs/Laravel/groot-s-quotes/vendor/laravel/framework/src/Illuminate/Database/Connectors/Connector.php(100): Illuminate\\Database\\Connectors\\Connector->createPdoConnection('mysql:host=127....', 'root', 'root', Array)
#2 /Applications/MAMP/htdocs/Laravel/groot-s-quotes/vendor/laravel/framework/src/Illuminate/Database/Connectors/Connector.php(49): Illuminate\\Database\\Connectors\\Connector->tryAgainIfCausedByLostConnection(Object(PDOException), 'mysql:host=127....', 'root', 'root', Array)
#3 /Applications/MAMP/htdocs/Laravel/groot-s-quotes/vendor/laravel/framework/src/Illuminate/Database/Connectors/MySqlConnector.php(24): Illuminate\\Database\\Connectors\\Connector->createConnection('mysql:host=127....', Array, Array)
#4 /Applications/MAMP/htdocs/Laravel/groot-s-quotes/vendor/laravel/framework/src/Illuminate/Database/Connectors/ConnectionFactory.php(184): Illuminate\\Database\\Connectors\\MySqlConnector->connect(Array)
#5 [internal function]: Illuminate\\Database\\Connectors\\ConnectionFactory->Illuminate\\Database\\Connectors\\{closure}()
#6 /Applications/MAMP/htdocs/Laravel/groot-s-quotes/vendor/laravel/framework/src/Illuminate/Database/Connection.php(1181): call_user_func(Object(Closure))
#7 /Applications/MAMP/htdocs/Laravel/groot-s-quotes/vendor/laravel/framework/src/Illuminate/Database/Connection.php(486): Illuminate\\Database\\Connection->getPdo()
#8 /Applications/MAMP/htdocs/Laravel/groot-s-quotes/vendor/laravel/framework/src/Illuminate/Database/Connection.php(414): Illuminate\\Database\\Connection->getPdoForSelect(false)
#9 /Applications/MAMP/htdocs/Laravel/groot-s-quotes/vendor/laravel/framework/src/Illuminate/Database/Connection.php(753): Illuminate\\Database\\Connection->Illuminate\\Database\\{closure}('select * from i...', Array)
#10 /Applications/MAMP/htdocs/Laravel/groot-s-quotes/vendor/laravel/framework/src/Illuminate/Database/Connection.php(899): Illuminate\\Database\\Connection->runQueryCallback('select * from i...', Array, Object(Closure))
#11 /Applications/MAMP/htdocs/Laravel/groot-s-quotes/vendor/laravel/framework/src/Illuminate/Database/Connection.php(878): Illuminate\\Database\\Connection->tryAgainIfCausedByLostConnection(Object(Illuminate\\Database\\QueryException), 'select * from i...', Array, Object(Closure))
#12 /Applications/MAMP/htdocs/Laravel/groot-s-quotes/vendor/laravel/framework/src/Illuminate/Database/Connection.php(722): Illuminate\\Database\\Connection->handleQueryException(Object(Illuminate\\Database\\QueryException), 'select * from i...', Array, Object(Closure))
#13 /Applications/MAMP/htdocs/Laravel/groot-s-quotes/vendor/laravel/framework/src/Illuminate/Database/Connection.php(405): Illuminate\\Database\\Connection->run('select * from i...', Array, Object(Closure))
#14 /Applications/MAMP/htdocs/Laravel/groot-s-quotes/vendor/laravel/framework/src/Illuminate/Database/Connection.php(392): Illuminate\\Database\\Connection->select('select * from i...', Array, false)
#15 /Applications/MAMP/htdocs/Laravel/groot-s-quotes/vendor/laravel/framework/src/Illuminate/Database/Schema/MySqlBuilder.php(43): Illuminate\\Database\\Connection->selectFromWriteConnection('select * from i...', Array)
#16 /Applications/MAMP/htdocs/Laravel/groot-s-quotes/vendor/laravel/framework/src/Illuminate/Database/Migrations/DatabaseMigrationRepository.php(169): Illuminate\\Database\\Schema\\MySqlBuilder->hasTable('migrations')
#17 /Applications/MAMP/htdocs/Laravel/groot-s-quotes/vendor/laravel/framework/src/Illuminate/Database/Migrations/Migrator.php(682): Illuminate\\Database\\Migrations\\DatabaseMigrationRepository->repositoryExists()
#18 /Applications/MAMP/htdocs/Laravel/groot-s-quotes/vendor/laravel/framework/src/Illuminate/Database/Console/Migrations/StatusCommand.php(53): Illuminate\\Database\\Migrations\\Migrator->repositoryExists()
#19 /Applications/MAMP/htdocs/Laravel/groot-s-quotes/vendor/laravel/framework/src/Illuminate/Database/Migrations/Migrator.php(615): Illuminate\\Database\\Console\\Migrations\\StatusCommand->Illuminate\\Database\\Console\\Migrations\\{closure}()
#20 /Applications/MAMP/htdocs/Laravel/groot-s-quotes/vendor/laravel/framework/src/Illuminate/Database/Console/Migrations/StatusCommand.php(52): Illuminate\\Database\\Migrations\\Migrator->usingConnection(NULL, Object(Closure))
#21 /Applications/MAMP/htdocs/Laravel/groot-s-quotes/vendor/laravel/framework/src/Illuminate/Container/BoundMethod.php(36): Illuminate\\Database\\Console\\Migrations\\StatusCommand->handle()
#22 /Applications/MAMP/htdocs/Laravel/groot-s-quotes/vendor/laravel/framework/src/Illuminate/Container/Util.php(41): Illuminate\\Container\\BoundMethod::Illuminate\\Container\\{closure}()
#23 /Applications/MAMP/htdocs/Laravel/groot-s-quotes/vendor/laravel/framework/src/Illuminate/Container/BoundMethod.php(93): Illuminate\\Container\\Util::unwrapIfClosure(Object(Closure))
#24 /Applications/MAMP/htdocs/Laravel/groot-s-quotes/vendor/laravel/framework/src/Illuminate/Container/BoundMethod.php(35): Illuminate\\Container\\BoundMethod::callBoundMethod(Object(Illuminate\\Foundation\\Application), Array, Object(Closure))
#25 /Applications/MAMP/htdocs/Laravel/groot-s-quotes/vendor/laravel/framework/src/Illuminate/Container/Container.php(661): Illuminate\\Container\\BoundMethod::call(Object(Illuminate\\Foundation\\Application), Array, Array, NULL)
#26 /Applications/MAMP/htdocs/Laravel/groot-s-quotes/vendor/laravel/framework/src/Illuminate/Console/Command.php(183): Illuminate\\Container\\Container->call(Array)
#27 /Applications/MAMP/htdocs/Laravel/groot-s-quotes/vendor/symfony/console/Command/Command.php(312): Illuminate\\Console\\Command->execute(Object(Symfony\\Component\\Console\\Input\\ArgvInput), Object(Illuminate\\Console\\OutputStyle))
#28 /Applications/MAMP/htdocs/Laravel/groot-s-quotes/vendor/laravel/framework/src/Illuminate/Console/Command.php(152): Symfony\\Component\\Console\\Command\\Command->run(Object(Symfony\\Component\\Console\\Input\\ArgvInput), Object(Illuminate\\Console\\OutputStyle))
#29 /Applications/MAMP/htdocs/Laravel/groot-s-quotes/vendor/symfony/console/Application.php(1022): Illuminate\\Console\\Command->run(Object(Symfony\\Component\\Console\\Input\\ArgvInput), Object(Symfony\\Component\\Console\\Output\\ConsoleOutput))
#30 /Applications/MAMP/htdocs/Laravel/groot-s-quotes/vendor/symfony/console/Application.php(314): Symfony\\Component\\Console\\Application->doRunCommand(Object(Illuminate\\Database\\Console\\Migrations\\StatusCommand), Object(Symfony\\Component\\Console\\Input\\ArgvInput), Object(Symfony\\Component\\Console\\Output\\ConsoleOutput))
#31 /Applications/MAMP/htdocs/Laravel/groot-s-quotes/vendor/symfony/console/Application.php(168): Symfony\\Component\\Console\\Application->doRun(Object(Symfony\\Component\\Console\\Input\\ArgvInput), Object(Symfony\\Component\\Console\\Output\\ConsoleOutput))
#32 /Applications/MAMP/htdocs/Laravel/groot-s-quotes/vendor/laravel/framework/src/Illuminate/Console/Application.php(102): Symfony\\Component\\Console\\Application->run(Object(Symfony\\Component\\Console\\Input\\ArgvInput), Object(Symfony\\Component\\Console\\Output\\ConsoleOutput))
#33 /Applications/MAMP/htdocs/Laravel/groot-s-quotes/vendor/laravel/framework/src/Illuminate/Foundation/Console/Kernel.php(155): Illuminate\\Console\\Application->run(Object(Symfony\\Component\\Console\\Input\\ArgvInput), Object(Symfony\\Component\\Console\\Output\\ConsoleOutput))
#34 /Applications/MAMP/htdocs/Laravel/groot-s-quotes/artisan(35): Illuminate\\Foundation\\Console\\Kernel->handle(Object(Symfony\\Component\\Console\\Input\\ArgvInput), Object(Symfony\\Component\\Console\\Output\\ConsoleOutput))
#35 {main}
"} 
[2023-02-14 21:24:49] local.ERROR: SQLSTATE[HY000] [2002] Connection refused (SQL: select * from information_schema.tables where table_schema = quotes and table_name = migrations and table_type = 'BASE TABLE') {"exception":"[object] (Illuminate\\Database\\QueryException(code: 2002): SQLSTATE[HY000] [2002] Connection refused (SQL: select * from information_schema.tables where table_schema = quotes and table_name = migrations and table_type = 'BASE TABLE') at /Applications/MAMP/htdocs/Laravel/groot-s-quotes/vendor/laravel/framework/src/Illuminate/Database/Connection.php:760)
[stacktrace]
#0 /Applications/MAMP/htdocs/Laravel/groot-s-quotes/vendor/laravel/framework/src/Illuminate/Database/Connection.php(899): Illuminate\\Database\\Connection->runQueryCallback('select * from i...', Array, Object(Closure))
#1 /Applications/MAMP/htdocs/Laravel/groot-s-quotes/vendor/laravel/framework/src/Illuminate/Database/Connection.php(878): Illuminate\\Database\\Connection->tryAgainIfCausedByLostConnection(Object(Illuminate\\Database\\QueryException), 'select * from i...', Array, Object(Closure))
#2 /Applications/MAMP/htdocs/Laravel/groot-s-quotes/vendor/laravel/framework/src/Illuminate/Database/Connection.php(722): Illuminate\\Database\\Connection->handleQueryException(Object(Illuminate\\Database\\QueryException), 'select * from i...', Array, Object(Closure))
#3 /Applications/MAMP/htdocs/Laravel/groot-s-quotes/vendor/laravel/framework/src/Illuminate/Database/Connection.php(405): Illuminate\\Database\\Connection->run('select * from i...', Array, Object(Closure))
#4 /Applications/MAMP/htdocs/Laravel/groot-s-quotes/vendor/laravel/framework/src/Illuminate/Database/Connection.php(392): Illuminate\\Database\\Connection->select('select * from i...', Array, false)
#5 /Applications/MAMP/htdocs/Laravel/groot-s-quotes/vendor/laravel/framework/src/Illuminate/Database/Schema/MySqlBuilder.php(43): Illuminate\\Database\\Connection->selectFromWriteConnection('select * from i...', Array)
#6 /Applications/MAMP/htdocs/Laravel/groot-s-quotes/vendor/laravel/framework/src/Illuminate/Database/Migrations/DatabaseMigrationRepository.php(169): Illuminate\\Database\\Schema\\MySqlBuilder->hasTable('migrations')
#7 /Applications/MAMP/htdocs/Laravel/groot-s-quotes/vendor/laravel/framework/src/Illuminate/Database/Migrations/Migrator.php(682): Illuminate\\Database\\Migrations\\DatabaseMigrationRepository->repositoryExists()
#8 /Applications/MAMP/htdocs/Laravel/groot-s-quotes/vendor/laravel/framework/src/Illuminate/Database/Console/Migrations/MigrateCommand.php(138): Illuminate\\Database\\Migrations\\Migrator->repositoryExists()
#9 /Applications/MAMP/htdocs/Laravel/groot-s-quotes/vendor/laravel/framework/src/Illuminate/Support/helpers.php(247): Illuminate\\Database\\Console\\Migrations\\MigrateCommand->Illuminate\\Database\\Console\\Migrations\\{closure}(1)
#10 /Applications/MAMP/htdocs/Laravel/groot-s-quotes/vendor/laravel/framework/src/Illuminate/Database/Console/Migrations/MigrateCommand.php(138): retry(1, Object(Closure), 0, Object(Closure))
#11 /Applications/MAMP/htdocs/Laravel/groot-s-quotes/vendor/laravel/framework/src/Illuminate/Database/Console/Migrations/MigrateCommand.php(114): Illuminate\\Database\\Console\\Migrations\\MigrateCommand->repositoryExists()
#12 /Applications/MAMP/htdocs/Laravel/groot-s-quotes/vendor/laravel/framework/src/Illuminate/Database/Console/Migrations/MigrateCommand.php(82): Illuminate\\Database\\Console\\Migrations\\MigrateCommand->prepareDatabase()
#13 /Applications/MAMP/htdocs/Laravel/groot-s-quotes/vendor/laravel/framework/src/Illuminate/Database/Migrations/Migrator.php(615): Illuminate\\Database\\Console\\Migrations\\MigrateCommand->Illuminate\\Database\\Console\\Migrations\\{closure}()
#14 /Applications/MAMP/htdocs/Laravel/groot-s-quotes/vendor/laravel/framework/src/Illuminate/Database/Console/Migrations/MigrateCommand.php(81): Illuminate\\Database\\Migrations\\Migrator->usingConnection(NULL, Object(Closure))
#15 /Applications/MAMP/htdocs/Laravel/groot-s-quotes/vendor/laravel/framework/src/Illuminate/Container/BoundMethod.php(36): Illuminate\\Database\\Console\\Migrations\\MigrateCommand->handle()
#16 /Applications/MAMP/htdocs/Laravel/groot-s-quotes/vendor/laravel/framework/src/Illuminate/Container/Util.php(41): Illuminate\\Container\\BoundMethod::Illuminate\\Container\\{closure}()
#17 /Applications/MAMP/htdocs/Laravel/groot-s-quotes/vendor/laravel/framework/src/Illuminate/Container/BoundMethod.php(93): Illuminate\\Container\\Util::unwrapIfClosure(Object(Closure))
#18 /Applications/MAMP/htdocs/Laravel/groot-s-quotes/vendor/laravel/framework/src/Illuminate/Container/BoundMethod.php(35): Illuminate\\Container\\BoundMethod::callBoundMethod(Object(Illuminate\\Foundation\\Application), Array, Object(Closure))
#19 /Applications/MAMP/htdocs/Laravel/groot-s-quotes/vendor/laravel/framework/src/Illuminate/Container/Container.php(661): Illuminate\\Container\\BoundMethod::call(Object(Illuminate\\Foundation\\Application), Array, Array, NULL)
#20 /Applications/MAMP/htdocs/Laravel/groot-s-quotes/vendor/laravel/framework/src/Illuminate/Console/Command.php(183): Illuminate\\Container\\Container->call(Array)
#21 /Applications/MAMP/htdocs/Laravel/groot-s-quotes/vendor/symfony/console/Command/Command.php(312): Illuminate\\Console\\Command->execute(Object(Symfony\\Component\\Console\\Input\\ArgvInput), Object(Illuminate\\Console\\OutputStyle))
#22 /Applications/MAMP/htdocs/Laravel/groot-s-quotes/vendor/laravel/framework/src/Illuminate/Console/Command.php(152): Symfony\\Component\\Console\\Command\\Command->run(Object(Symfony\\Component\\Console\\Input\\ArgvInput), Object(Illuminate\\Console\\OutputStyle))
#23 /Applications/MAMP/htdocs/Laravel/groot-s-quotes/vendor/symfony/console/Application.php(1022): Illuminate\\Console\\Command->run(Object(Symfony\\Component\\Console\\Input\\ArgvInput), Object(Symfony\\Component\\Console\\Output\\ConsoleOutput))
#24 /Applications/MAMP/htdocs/Laravel/groot-s-quotes/vendor/symfony/console/Application.php(314): Symfony\\Component\\Console\\Application->doRunCommand(Object(Illuminate\\Database\\Console\\Migrations\\MigrateCommand), Object(Symfony\\Component\\Console\\Input\\ArgvInput), Object(Symfony\\Component\\Console\\Output\\ConsoleOutput))
#25 /Applications/MAMP/htdocs/Laravel/groot-s-quotes/vendor/symfony/console/Application.php(168): Symfony\\Component\\Console\\Application->doRun(Object(Symfony\\Component\\Console\\Input\\ArgvInput), Object(Symfony\\Component\\Console\\Output\\ConsoleOutput))
#26 /Applications/MAMP/htdocs/Laravel/groot-s-quotes/vendor/laravel/framework/src/Illuminate/Console/Application.php(102): Symfony\\Component\\Console\\Application->run(Object(Symfony\\Component\\Console\\Input\\ArgvInput), Object(Symfony\\Component\\Console\\Output\\ConsoleOutput))
#27 /Applications/MAMP/htdocs/Laravel/groot-s-quotes/vendor/laravel/framework/src/Illuminate/Foundation/Console/Kernel.php(155): Illuminate\\Console\\Application->run(Object(Symfony\\Component\\Console\\Input\\ArgvInput), Object(Symfony\\Component\\Console\\Output\\ConsoleOutput))
#28 /Applications/MAMP/htdocs/Laravel/groot-s-quotes/artisan(35): Illuminate\\Foundation\\Console\\Kernel->handle(Object(Symfony\\Component\\Console\\Input\\ArgvInput), Object(Symfony\\Component\\Console\\Output\\ConsoleOutput))
#29 {main}

[previous exception] [object] (PDOException(code: 2002): SQLSTATE[HY000] [2002] Connection refused at /Applications/MAMP/htdocs/Laravel/groot-s-quotes/vendor/laravel/framework/src/Illuminate/Database/Connectors/Connector.php:70)
[stacktrace]
#0 /Applications/MAMP/htdocs/Laravel/groot-s-quotes/vendor/laravel/framework/src/Illuminate/Database/Connectors/Connector.php(70): PDO->__construct('mysql:host=127....', 'root', Object(SensitiveParameterValue), Array)
#1 /Applications/MAMP/htdocs/Laravel/groot-s-quotes/vendor/laravel/framework/src/Illuminate/Database/Connectors/Connector.php(100): Illuminate\\Database\\Connectors\\Connector->createPdoConnection('mysql:host=127....', 'root', 'root', Array)
#2 /Applications/MAMP/htdocs/Laravel/groot-s-quotes/vendor/laravel/framework/src/Illuminate/Database/Connectors/Connector.php(49): Illuminate\\Database\\Connectors\\Connector->tryAgainIfCausedByLostConnection(Object(PDOException), 'mysql:host=127....', 'root', 'root', Array)
#3 /Applications/MAMP/htdocs/Laravel/groot-s-quotes/vendor/laravel/framework/src/Illuminate/Database/Connectors/MySqlConnector.php(24): Illuminate\\Database\\Connectors\\Connector->createConnection('mysql:host=127....', Array, Array)
#4 /Applications/MAMP/htdocs/Laravel/groot-s-quotes/vendor/laravel/framework/src/Illuminate/Database/Connectors/ConnectionFactory.php(184): Illuminate\\Database\\Connectors\\MySqlConnector->connect(Array)
#5 [internal function]: Illuminate\\Database\\Connectors\\ConnectionFactory->Illuminate\\Database\\Connectors\\{closure}()
#6 /Applications/MAMP/htdocs/Laravel/groot-s-quotes/vendor/laravel/framework/src/Illuminate/Database/Connection.php(1181): call_user_func(Object(Closure))
#7 /Applications/MAMP/htdocs/Laravel/groot-s-quotes/vendor/laravel/framework/src/Illuminate/Database/Connection.php(486): Illuminate\\Database\\Connection->getPdo()
#8 /Applications/MAMP/htdocs/Laravel/groot-s-quotes/vendor/laravel/framework/src/Illuminate/Database/Connection.php(414): Illuminate\\Database\\Connection->getPdoForSelect(false)
#9 /Applications/MAMP/htdocs/Laravel/groot-s-quotes/vendor/laravel/framework/src/Illuminate/Database/Connection.php(753): Illuminate\\Database\\Connection->Illuminate\\Database\\{closure}('select * from i...', Array)
#10 /Applications/MAMP/htdocs/Laravel/groot-s-quotes/vendor/laravel/framework/src/Illuminate/Database/Connection.php(899): Illuminate\\Database\\Connection->runQueryCallback('select * from i...', Array, Object(Closure))
#11 /Applications/MAMP/htdocs/Laravel/groot-s-quotes/vendor/laravel/framework/src/Illuminate/Database/Connection.php(878): Illuminate\\Database\\Connection->tryAgainIfCausedByLostConnection(Object(Illuminate\\Database\\QueryException), 'select * from i...', Array, Object(Closure))
#12 /Applications/MAMP/htdocs/Laravel/groot-s-quotes/vendor/laravel/framework/src/Illuminate/Database/Connection.php(722): Illuminate\\Database\\Connection->handleQueryException(Object(Illuminate\\Database\\QueryException), 'select * from i...', Array, Object(Closure))
#13 /Applications/MAMP/htdocs/Laravel/groot-s-quotes/vendor/laravel/framework/src/Illuminate/Database/Connection.php(405): Illuminate\\Database\\Connection->run('select * from i...', Array, Object(Closure))
#14 /Applications/MAMP/htdocs/Laravel/groot-s-quotes/vendor/laravel/framework/src/Illuminate/Database/Connection.php(392): Illuminate\\Database\\Connection->select('select * from i...', Array, false)
#15 /Applications/MAMP/htdocs/Laravel/groot-s-quotes/vendor/laravel/framework/src/Illuminate/Database/Schema/MySqlBuilder.php(43): Illuminate\\Database\\Connection->selectFromWriteConnection('select * from i...', Array)
#16 /Applications/MAMP/htdocs/Laravel/groot-s-quotes/vendor/laravel/framework/src/Illuminate/Database/Migrations/DatabaseMigrationRepository.php(169): Illuminate\\Database\\Schema\\MySqlBuilder->hasTable('migrations')
#17 /Applications/MAMP/htdocs/Laravel/groot-s-quotes/vendor/laravel/framework/src/Illuminate/Database/Migrations/Migrator.php(682): Illuminate\\Database\\Migrations\\DatabaseMigrationRepository->repositoryExists()
#18 /Applications/MAMP/htdocs/Laravel/groot-s-quotes/vendor/laravel/framework/src/Illuminate/Database/Console/Migrations/MigrateCommand.php(138): Illuminate\\Database\\Migrations\\Migrator->repositoryExists()
#19 /Applications/MAMP/htdocs/Laravel/groot-s-quotes/vendor/laravel/framework/src/Illuminate/Support/helpers.php(247): Illuminate\\Database\\Console\\Migrations\\MigrateCommand->Illuminate\\Database\\Console\\Migrations\\{closure}(1)
#20 /Applications/MAMP/htdocs/Laravel/groot-s-quotes/vendor/laravel/framework/src/Illuminate/Database/Console/Migrations/MigrateCommand.php(138): retry(1, Object(Closure), 0, Object(Closure))
#21 /Applications/MAMP/htdocs/Laravel/groot-s-quotes/vendor/laravel/framework/src/Illuminate/Database/Console/Migrations/MigrateCommand.php(114): Illuminate\\Database\\Console\\Migrations\\MigrateCommand->repositoryExists()
#22 /Applications/MAMP/htdocs/Laravel/groot-s-quotes/vendor/laravel/framework/src/Illuminate/Database/Console/Migrations/MigrateCommand.php(82): Illuminate\\Database\\Console\\Migrations\\MigrateCommand->prepareDatabase()
#23 /Applications/MAMP/htdocs/Laravel/groot-s-quotes/vendor/laravel/framework/src/Illuminate/Database/Migrations/Migrator.php(615): Illuminate\\Database\\Console\\Migrations\\MigrateCommand->Illuminate\\Database\\Console\\Migrations\\{closure}()
#24 /Applications/MAMP/htdocs/Laravel/groot-s-quotes/vendor/laravel/framework/src/Illuminate/Database/Console/Migrations/MigrateCommand.php(81): Illuminate\\Database\\Migrations\\Migrator->usingConnection(NULL, Object(Closure))
#25 /Applications/MAMP/htdocs/Laravel/groot-s-quotes/vendor/laravel/framework/src/Illuminate/Container/BoundMethod.php(36): Illuminate\\Database\\Console\\Migrations\\MigrateCommand->handle()
#26 /Applications/MAMP/htdocs/Laravel/groot-s-quotes/vendor/laravel/framework/src/Illuminate/Container/Util.php(41): Illuminate\\Container\\BoundMethod::Illuminate\\Container\\{closure}()
#27 /Applications/MAMP/htdocs/Laravel/groot-s-quotes/vendor/laravel/framework/src/Illuminate/Container/BoundMethod.php(93): Illuminate\\Container\\Util::unwrapIfClosure(Object(Closure))
#28 /Applications/MAMP/htdocs/Laravel/groot-s-quotes/vendor/laravel/framework/src/Illuminate/Container/BoundMethod.php(35): Illuminate\\Container\\BoundMethod::callBoundMethod(Object(Illuminate\\Foundation\\Application), Array, Object(Closure))
#29 /Applications/MAMP/htdocs/Laravel/groot-s-quotes/vendor/laravel/framework/src/Illuminate/Container/Container.php(661): Illuminate\\Container\\BoundMethod::call(Object(Illuminate\\Foundation\\Application), Array, Array, NULL)
#30 /Applications/MAMP/htdocs/Laravel/groot-s-quotes/vendor/laravel/framework/src/Illuminate/Console/Command.php(183): Illuminate\\Container\\Container->call(Array)
#31 /Applications/MAMP/htdocs/Laravel/groot-s-quotes/vendor/symfony/console/Command/Command.php(312): Illuminate\\Console\\Command->execute(Object(Symfony\\Component\\Console\\Input\\ArgvInput), Object(Illuminate\\Console\\OutputStyle))
#32 /Applications/MAMP/htdocs/Laravel/groot-s-quotes/vendor/laravel/framework/src/Illuminate/Console/Command.php(152): Symfony\\Component\\Console\\Command\\Command->run(Object(Symfony\\Component\\Console\\Input\\ArgvInput), Object(Illuminate\\Console\\OutputStyle))
#33 /Applications/MAMP/htdocs/Laravel/groot-s-quotes/vendor/symfony/console/Application.php(1022): Illuminate\\Console\\Command->run(Object(Symfony\\Component\\Console\\Input\\ArgvInput), Object(Symfony\\Component\\Console\\Output\\ConsoleOutput))
#34 /Applications/MAMP/htdocs/Laravel/groot-s-quotes/vendor/symfony/console/Application.php(314): Symfony\\Component\\Console\\Application->doRunCommand(Object(Illuminate\\Database\\Console\\Migrations\\MigrateCommand), Object(Symfony\\Component\\Console\\Input\\ArgvInput), Object(Symfony\\Component\\Console\\Output\\ConsoleOutput))
#35 /Applications/MAMP/htdocs/Laravel/groot-s-quotes/vendor/symfony/console/Application.php(168): Symfony\\Component\\Console\\Application->doRun(Object(Symfony\\Component\\Console\\Input\\ArgvInput), Object(Symfony\\Component\\Console\\Output\\ConsoleOutput))
#36 /Applications/MAMP/htdocs/Laravel/groot-s-quotes/vendor/laravel/framework/src/Illuminate/Console/Application.php(102): Symfony\\Component\\Console\\Application->run(Object(Symfony\\Component\\Console\\Input\\ArgvInput), Object(Symfony\\Component\\Console\\Output\\ConsoleOutput))
#37 /Applications/MAMP/htdocs/Laravel/groot-s-quotes/vendor/laravel/framework/src/Illuminate/Foundation/Console/Kernel.php(155): Illuminate\\Console\\Application->run(Object(Symfony\\Component\\Console\\Input\\ArgvInput), Object(Symfony\\Component\\Console\\Output\\ConsoleOutput))
#38 /Applications/MAMP/htdocs/Laravel/groot-s-quotes/artisan(35): Illuminate\\Foundation\\Console\\Kernel->handle(Object(Symfony\\Component\\Console\\Input\\ArgvInput), Object(Symfony\\Component\\Console\\Output\\ConsoleOutput))
#39 {main}
"} 
[2023-02-15 09:21:49] local.ERROR: filemtime(): stat failed for /Applications/MAMP/htdocs/Laravel/groot-s-quotes/.env {"exception":"[object] (ErrorException(code: 0): filemtime(): stat failed for /Applications/MAMP/htdocs/Laravel/groot-s-quotes/.env at /Applications/MAMP/htdocs/Laravel/groot-s-quotes/vendor/laravel/framework/src/Illuminate/Foundation/Console/ServeCommand.php:108)
[stacktrace]
#0 /Applications/MAMP/htdocs/Laravel/groot-s-quotes/vendor/laravel/framework/src/Illuminate/Foundation/Bootstrap/HandleExceptions.php(266): Illuminate\\Foundation\\Bootstrap\\HandleExceptions->handleError(2, 'filemtime(): st...', '/Applications/M...', 108)
#1 [internal function]: Illuminate\\Foundation\\Bootstrap\\HandleExceptions->Illuminate\\Foundation\\Bootstrap\\{closure}(2, 'filemtime(): st...', '/Applications/M...', 108)
#2 /Applications/MAMP/htdocs/Laravel/groot-s-quotes/vendor/laravel/framework/src/Illuminate/Foundation/Console/ServeCommand.php(108): filemtime('/Applications/M...')
#3 /Applications/MAMP/htdocs/Laravel/groot-s-quotes/vendor/laravel/framework/src/Illuminate/Container/BoundMethod.php(36): Illuminate\\Foundation\\Console\\ServeCommand->handle()
#4 /Applications/MAMP/htdocs/Laravel/groot-s-quotes/vendor/laravel/framework/src/Illuminate/Container/Util.php(41): Illuminate\\Container\\BoundMethod::Illuminate\\Container\\{closure}()
#5 /Applications/MAMP/htdocs/Laravel/groot-s-quotes/vendor/laravel/framework/src/Illuminate/Container/BoundMethod.php(93): Illuminate\\Container\\Util::unwrapIfClosure(Object(Closure))
#6 /Applications/MAMP/htdocs/Laravel/groot-s-quotes/vendor/laravel/framework/src/Illuminate/Container/BoundMethod.php(35): Illuminate\\Container\\BoundMethod::callBoundMethod(Object(Illuminate\\Foundation\\Application), Array, Object(Closure))
#7 /Applications/MAMP/htdocs/Laravel/groot-s-quotes/vendor/laravel/framework/src/Illuminate/Container/Container.php(661): Illuminate\\Container\\BoundMethod::call(Object(Illuminate\\Foundation\\Application), Array, Array, NULL)
#8 /Applications/MAMP/htdocs/Laravel/groot-s-quotes/vendor/laravel/framework/src/Illuminate/Console/Command.php(183): Illuminate\\Container\\Container->call(Array)
#9 /Applications/MAMP/htdocs/Laravel/groot-s-quotes/vendor/symfony/console/Command/Command.php(312): Illuminate\\Console\\Command->execute(Object(Symfony\\Component\\Console\\Input\\ArgvInput), Object(Illuminate\\Console\\OutputStyle))
#10 /Applications/MAMP/htdocs/Laravel/groot-s-quotes/vendor/laravel/framework/src/Illuminate/Console/Command.php(152): Symfony\\Component\\Console\\Command\\Command->run(Object(Symfony\\Component\\Console\\Input\\ArgvInput), Object(Illuminate\\Console\\OutputStyle))
#11 /Applications/MAMP/htdocs/Laravel/groot-s-quotes/vendor/symfony/console/Application.php(1022): Illuminate\\Console\\Command->run(Object(Symfony\\Component\\Console\\Input\\ArgvInput), Object(Symfony\\Component\\Console\\Output\\ConsoleOutput))
#12 /Applications/MAMP/htdocs/Laravel/groot-s-quotes/vendor/symfony/console/Application.php(314): Symfony\\Component\\Console\\Application->doRunCommand(Object(Illuminate\\Foundation\\Console\\ServeCommand), Object(Symfony\\Component\\Console\\Input\\ArgvInput), Object(Symfony\\Component\\Console\\Output\\ConsoleOutput))
#13 /Applications/MAMP/htdocs/Laravel/groot-s-quotes/vendor/symfony/console/Application.php(168): Symfony\\Component\\Console\\Application->doRun(Object(Symfony\\Component\\Console\\Input\\ArgvInput), Object(Symfony\\Component\\Console\\Output\\ConsoleOutput))
#14 /Applications/MAMP/htdocs/Laravel/groot-s-quotes/vendor/laravel/framework/src/Illuminate/Console/Application.php(102): Symfony\\Component\\Console\\Application->run(Object(Symfony\\Component\\Console\\Input\\ArgvInput), Object(Symfony\\Component\\Console\\Output\\ConsoleOutput))
#15 /Applications/MAMP/htdocs/Laravel/groot-s-quotes/vendor/laravel/framework/src/Illuminate/Foundation/Console/Kernel.php(155): Illuminate\\Console\\Application->run(Object(Symfony\\Component\\Console\\Input\\ArgvInput), Object(Symfony\\Component\\Console\\Output\\ConsoleOutput))
#16 /Applications/MAMP/htdocs/Laravel/groot-s-quotes/artisan(35): Illuminate\\Foundation\\Console\\Kernel->handle(Object(Symfony\\Component\\Console\\Input\\ArgvInput), Object(Symfony\\Component\\Console\\Output\\ConsoleOutput))
#17 {main}
"} 
[2023-02-15 09:21:49] local.ERROR: include(/Applications/MAMP/htdocs/Laravel/groot-s-quotes/vendor/nunomaduro/collision/src/Provider.php): Failed to open stream: No such file or directory {"exception":"[object] (ErrorException(code: 0): include(/Applications/MAMP/htdocs/Laravel/groot-s-quotes/vendor/nunomaduro/collision/src/Provider.php): Failed to open stream: No such file or directory at /Applications/MAMP/htdocs/Laravel/groot-s-quotes/vendor/composer/ClassLoader.php:578)
[stacktrace]
#0 /Applications/MAMP/htdocs/Laravel/groot-s-quotes/vendor/laravel/framework/src/Illuminate/Foundation/Bootstrap/HandleExceptions.php(266): Illuminate\\Foundation\\Bootstrap\\HandleExceptions->handleError(2, 'include(/Applic...', '/Applications/M...', 578)
#1 /Applications/MAMP/htdocs/Laravel/groot-s-quotes/vendor/composer/ClassLoader.php(578): Illuminate\\Foundation\\Bootstrap\\HandleExceptions->Illuminate\\Foundation\\Bootstrap\\{closure}(2, 'include(/Applic...', '/Applications/M...', 578)
#2 /Applications/MAMP/htdocs/Laravel/groot-s-quotes/vendor/composer/ClassLoader.php(578): include('/Applications/M...')
#3 /Applications/MAMP/htdocs/Laravel/groot-s-quotes/vendor/composer/ClassLoader.php(432): Composer\\Autoload\\ClassLoader::Composer\\Autoload\\{closure}('/Applications/M...')
#4 /Applications/MAMP/htdocs/Laravel/groot-s-quotes/vendor/nunomaduro/collision/src/Adapters/Laravel/CollisionServiceProvider.php(62): Composer\\Autoload\\ClassLoader->loadClass('NunoMaduro\\\\Coll...')
#5 /Applications/MAMP/htdocs/Laravel/groot-s-quotes/vendor/laravel/framework/src/Illuminate/Container/Container.php(885): NunoMaduro\\Collision\\Adapters\\Laravel\\CollisionServiceProvider->NunoMaduro\\Collision\\Adapters\\Laravel\\{closure}(Object(Illuminate\\Foundation\\Application), Array)
#6 /Applications/MAMP/htdocs/Laravel/groot-s-quotes/vendor/laravel/framework/src/Illuminate/Container/Container.php(770): Illuminate\\Container\\Container->build(Object(Closure))
#7 /Applications/MAMP/htdocs/Laravel/groot-s-quotes/vendor/laravel/framework/src/Illuminate/Foundation/Application.php(856): Illuminate\\Container\\Container->resolve('NunoMaduro\\\\Coll...', Array, true)
#8 /Applications/MAMP/htdocs/Laravel/groot-s-quotes/vendor/laravel/framework/src/Illuminate/Container/Container.php(706): Illuminate\\Foundation\\Application->resolve('NunoMaduro\\\\Coll...', Array)
#9 /Applications/MAMP/htdocs/Laravel/groot-s-quotes/vendor/laravel/framework/src/Illuminate/Foundation/Application.php(841): Illuminate\\Container\\Container->make('NunoMaduro\\\\Coll...', Array)
#10 /Applications/MAMP/htdocs/Laravel/groot-s-quotes/vendor/nunomaduro/collision/src/Adapters/Laravel/ExceptionHandler.php(66): Illuminate\\Foundation\\Application->make('NunoMaduro\\\\Coll...')
#11 /Applications/MAMP/htdocs/Laravel/groot-s-quotes/vendor/laravel/framework/src/Illuminate/Foundation/Console/Kernel.php(466): NunoMaduro\\Collision\\Adapters\\Laravel\\ExceptionHandler->renderForConsole(Object(Symfony\\Component\\Console\\Output\\ConsoleOutput), Object(ErrorException))
#12 /Applications/MAMP/htdocs/Laravel/groot-s-quotes/vendor/laravel/framework/src/Illuminate/Foundation/Console/Kernel.php(159): Illuminate\\Foundation\\Console\\Kernel->renderException(Object(Symfony\\Component\\Console\\Output\\ConsoleOutput), Object(ErrorException))
#13 /Applications/MAMP/htdocs/Laravel/groot-s-quotes/artisan(35): Illuminate\\Foundation\\Console\\Kernel->handle(Object(Symfony\\Component\\Console\\Input\\ArgvInput), Object(Symfony\\Component\\Console\\Output\\ConsoleOutput))
#14 {main}
"} 
